13/Nov/2024 11:54:46  
                      Solver started at: 11:54 AM Wednesday, 13. November 2024 (Hora estándar de Argentina)
                      
                        Module:  Time Domain: S-Parameter (Win 64)
                        Version: 2022.4 Release from 2022-04-26 (change 967892)
                      

                      ------------------------------------------------------------------------------

                      ------------------------------------------------------------------------------
13/Nov/2024 11:54:46  ======================================================================
                       Solver cycle: 1
                      ======================================================================
                      
                      Stimulation at discrete port 1 
                      
                      
                      
                      ------------------------------------------------------------------------------
13/Nov/2024 11:54:46  Units settings: 
                      
                        Dimensions: cm
                        Frequency:  MHz
                        Time:       ns
                      
                      ------------------------------------------------------------------------------
13/Nov/2024 11:54:46  The dispersive material update [Automatic] will be performed using the "Standard" update schema
                      
                      ------------------------------------------------------------------------------
13/Nov/2024 11:56:13  
                      --------------------------------------------------------------------------------
13/Nov/2024 11:56:13  *** Warning ***
                      
13/Nov/2024 11:56:13  Solver run aborted by user (discarding results).
                      
                      ------------------------------------------------------------------------------
13/Nov/2024 11:56:13  Frequency domain results unnormalized.
                      
                      
                      ------------------------------------------------------------------------------
13/Nov/2024 11:56:13  
                        ----------------------------------------------------------------------------
                                            Peak memory used (kB)         Free physical memory (kB) 
                                                                          At begin     Minimum      
                        ----------------------------------------------------------------------------
                        Matrices calc.      0                             0            0            
                        Solver run total    45044                         6677516      6120424      
                        ----------------------------------------------------------------------------
                      
                      --------------------------------------------------------------------------------
                      Solver Statistics:
                      
                        Hardware:
                           Computer name:                 	DESKTOP-J6PE05U 
                      
                           Number of CPU threads:               4
                           Hardware info:                  	Hardware Accelerator Device not activated
                      
                        Number of mesh cells:             	498623
                        Excitation duration:              	0.00000000e+000 ns 
                        Calculation time for excitation:  	0 	s
                        Number of calculated pulse widths:	0 
                        Simulated number of time steps:   	0 
                        Maximum number of time steps:     	0 
                        Time step width:
                           without subcycles:             	0.000000000e+000 ns
                           used:                          	0.000000000e+000 ns
                      
                        Matrix calculation time:          	0 	s
                        Solver setup time:                	0 	s
                        Solver loop time:                 	0 	s
                        Solver post-processing time:      	0 	s
                                                          	------------
                        Total solver time:                	0 	s
                      
                      ------------------------------------------------------------------------------
13/Nov/2024 11:56:14  
                        Adaptive port meshing time:          	0      	s
                        Total solver time (all cycles):      	0      	s
                        Solver initialization and clean-up:  	88     	s  ( = 0 h, 1 m, 28 s )
                                                             	------------
                        Total simulation time:               	88     	s  ( = 0 h, 1 m, 28 s )
                      
                      ------------------------------------------------------------------------------
13/Nov/2024 11:56:14  Solver finished at: 11:56 AM Wednesday, 13. November 2024
                      
                      
                      
                      ------------------------------------------------------------------------------
