===================================================================================================
== CST Matrix Calculation Priority Log
===================================================================================================
 
Priorities are sorted in ascending order beginning with the lowest priority
 
Priority-group: 1, shape 13: </cst/Boundaries/> Low^X,   material: $NFSMaterial$,  user-priority: 0.000000,   material-attributes: normal.vacuum,  shape-attributes: boundary,    scheme type:FIT_TD
Priority-group: 1, shape 14: </cst/Boundaries/> Low^Y,   material: $NFSMaterial$,  user-priority: 0.000000,   material-attributes: normal.vacuum,  shape-attributes: boundary,    scheme type:FIT_TD
Priority-group: 1, shape 15: </cst/Boundaries/> Low^Z,   material: $NFSMaterial$,  user-priority: 0.000000,   material-attributes: normal.vacuum,  shape-attributes: boundary,    scheme type:FIT_TD
Priority-group: 1, shape 16: </cst/Boundaries/> Up^X,    material: $NFSMaterial$,  user-priority: 0.000000,   material-attributes: normal.vacuum,  shape-attributes: boundary,    scheme type:FIT_TD
Priority-group: 1, shape 17: </cst/Boundaries/> Up^Y,    material: $NFSMaterial$,  user-priority: 0.000000,   material-attributes: normal.vacuum,  shape-attributes: boundary,    scheme type:FIT_TD
Priority-group: 1, shape 18: </cst/Boundaries/> Up^Z,    material: $NFSMaterial$,  user-priority: 0.000000,   material-attributes: normal.vacuum,  shape-attributes: boundary,    scheme type:FIT_TD
Priority-group: 2, shape 11: </cst/Ports/> 1^t0, material: Aluminum,   user-priority: 0.000000,   material-attributes: pec.rho.surface-impedance,  shape-attributes: edge-element.wire,   scheme type:FIT_TD
Priority-group: 2, shape 12: </cst/Ports/> 1^t1, material: Aluminum,   user-priority: 0.000000,   material-attributes: pec.rho.surface-impedance,  shape-attributes: edge-element.wire,   scheme type:FIT_TD
Priority-group: 3, shape 4: cable:aislante, material: Vacuum, user-priority: 0.000000,   2D/3D-geometry: true, material-attributes: normal.vacuum,  shape-attributes: solid,   scheme type:FIT_TD
Priority-group: 4, shape 1: ajuste barra lateral:ajuste barra lateral,  material: Aluminum,   user-priority: 0.000000,   2D/3D-geometry: true, material-attributes: pec.rho.surface-impedance,  shape-attributes: solid,   scheme type:FIT_TD
Priority-group: 4, shape 2: ajuste cilindro:cilindro de ajuste, material: Aluminum,   user-priority: 0.000000,   2D/3D-geometry: true, material-attributes: pec.rho.surface-impedance,  shape-attributes: solid,   scheme type:FIT_TD
Priority-group: 4, shape 3: barra central:barra central,    material: Aluminum,   user-priority: 0.000000,   2D/3D-geometry: true, material-attributes: pec.rho.surface-impedance,  shape-attributes: solid,   scheme type:FIT_TD
Priority-group: 4, shape 5: cable:alambre,  material: Copper (pure),  user-priority: 0.000000,   2D/3D-geometry: true, material-attributes: pec.rho.surface-impedance,  shape-attributes: solid,   scheme type:FIT_TD
Priority-group: 4, shape 6: varillas:antena_1,  material: Aluminum,   user-priority: 0.000000,   2D/3D-geometry: true, material-attributes: pec.rho.surface-impedance,  shape-attributes: solid,   scheme type:FIT_TD
Priority-group: 4, shape 7: varillas:dir-1, material: Aluminum,   user-priority: 0.000000,   2D/3D-geometry: true, material-attributes: pec.rho.surface-impedance,  shape-attributes: solid,   scheme type:FIT_TD
Priority-group: 4, shape 8: varillas:dir-2, material: Aluminum,   user-priority: 0.000000,   2D/3D-geometry: true, material-attributes: pec.rho.surface-impedance,  shape-attributes: solid,   scheme type:FIT_TD
Priority-group: 4, shape 9: varillas:dir-3, material: Aluminum,   user-priority: 0.000000,   2D/3D-geometry: true, material-attributes: pec.rho.surface-impedance,  shape-attributes: solid,   scheme type:FIT_TD
Priority-group: 4, shape 10: varillas:reflector, material: Aluminum,   user-priority: 0.000000,   2D/3D-geometry: true, material-attributes: pec.rho.surface-impedance,  shape-attributes: solid,   scheme type:FIT_TD
 
===================================================================================================
 
