<<<<<<<<<<<<<<<<<<<<<<<<<<<
2019 Mar 14 (Thu): 06:51:18
<<<<<<<<<<<<<<<<<<<<<<<<<<<

======================
Mesher selection: FPBA
======================

=========================================================================================================================
matrixcalc: Thread pinning failed with error: error in initialization of cpu core iterator, invalid socket id provided, 1
=========================================================================================================================

========================================================================
Processing CAD model (for field results)
	[Improved internal geometry representation]
	[Accuracy improvement for long shapes in inhomogeneous mesh regions]
Version 2018.4 (build 20180406)
PBA version 20180406
2019 Mar 14 (Thu): 06:51:20
========================================================================

===========================================
Finished CAD processing (for field results)
===========================================

========================================================================
Processing CAD model
	[Improved internal geometry representation]
	[Accuracy improvement for long shapes in inhomogeneous mesh regions]
Version 2018.4 (build 20180406)
PBA version 20180406
2019 Mar 14 (Thu): 06:51:21
========================================================================

----------------------------------------------
Used point accuracy enhancement value: 74.00%.
----------------------------------------------

=============================================================================
Mesh statistics:
-----------------------------------------------------------------------------
Minimum edge length (x): 1.04 @ mesh line 27 (x)
Maximum edge length (x): 1.88 @ mesh line 31 (x)
Minimum face area (x): 1.08 @ mesh lines 2 | 55 (y | z)
Maximum face area (x): 3.96 @ mesh lines 9 | 0 (y | z)
Minimum edge length (y): 1.04 @ mesh line 2 (y)
Maximum edge length (y): 2 @ mesh line 9 (y)
Minimum face area (y): 1.08 @ mesh lines 55 | 27 (z | x)
Maximum face area (y): 3.72 @ mesh lines 0 | 31 (z | x)
Minimum edge length (z): 1.04 @ mesh line 55 (z)
Maximum edge length (z): 1.98 @ mesh line 0 (z)
Minimum face area (z): 1.08 @ mesh lines 27 | 2 (x | y)
Maximum face area (z): 3.76 @ mesh lines 31 | 9 (x | y)
Maximum mesh face aspect ratio (x): 1.92 : 1.0  @ mesh lines 9 | 55 (y | z)
Maximum mesh face aspect ratio (y): 1.9 : 1.0  @ mesh lines 0 | 27 (z | x)
Maximum mesh face aspect ratio (z): 1.92 : 1.0  @ mesh lines 27 | 9 (x | y)
=============================================================================

=============================================================================
Available resources to store TST cells: 2147451967 (6778573.13% of mesh size)
=============================================================================

=======================
Finished CAD processing
=======================

------------------------------------------------------------
Parallelization Info
------------------------------------------------------------
Number of concurrent threads: 1
Number of node domains: 1
Number of mesh cells: 28320
------------------------------------------------------------
Node order
0
------------------------------------------------------------

1xN000:  <<<<<<<<<<<<<<<<<<<<<<<<<<<
         2019 Mar 14 (Thu): 06:51:23
         <<<<<<<<<<<<<<<<<<<<<<<<<<<

1xN000:  =========================================================================================================================

         matrixcalc: Thread pinning failed with error: error in initialization of cpu core iterator, invalid socket id provided, 1
         =========================================================================================================================

1xN000:  ===============================
         Matrix computation (PBA)
         Version 2018.4 (build 20180406)
         PBA version 20180406
         2019 Mar 14 (Thu): 06:51:23
         ===============================

1xN000:  Shapes are ordered to support shape wise matrix storage
1xN000:  ssssssssssssssssssssssssssssssssssssssssss
         # of curls with SI accuracy enhancement: 0
         ssssssssssssssssssssssssssssssssssssssssss

1xN000:  ------------------------------------------------------------------------------
         PBA fill limit is applied in inverse mode.
         PBA fill limit is applied on faces filled with at least 98.81% metal material.
         --------------------------------------------------------------
         detailed accuracy settings:
         --------------------------------------------------------------
         augmented fill limit:       true
         augmented fill limit value: 98.81
         automatic fill limit:       true
         early fill limit:           true
         inverse fill limit:         true
         model complexity:           0.00
         legacy 2015:                false
         fixed point accuracy:       false
         minimum point accuracy:     0
         mesh step inheritance:      false
         accuracy mode:
         ------------------------------------------------------------------------------

1xN000:  discrete edge port "1" is connected to metal material.
1xN000:  ----------------------------------------------------------------
         The following discrete edge port is connected to metal material:
         	1
         ----------------------------------------------------------------

1xN000:  =================================
         Finished matrix computation (PBA)
         =================================

1xN000:  >>>>>>>>>>>>>>>>>>>>>>>>>>>
         2019 Mar 14 (Thu): 06:51:30
         >>>>>>>>>>>>>>>>>>>>>>>>>>>



>>>>>>>>>>>>>>>>>>>>>>>>>>>
2019 Mar 14 (Thu): 06:51:32
>>>>>>>>>>>>>>>>>>>>>>>>>>>

--------------------------------
# of staircase filled cells: 0
# of staircase filled areas: 0
# of staircase filled edges: 0
# of faces above fill limit: 0
# of edges with FPBA topology: 0
--------------------------------

