Unknown:
D:\Facultad\Electromagnetismo_2\Archivos_Varios\Electromagnetismo_2\Archivos_CST\yagi_v2\Result\hardware_resources.sconf
D:\Facultad\Electromagnetismo_2\Archivos_Varios\Electromagnetismo_2\Archivos_CST\yagi_v2\Result\Hex.gap
D:\Facultad\Electromagnetismo_2\Archivos_Varios\Electromagnetismo_2\Archivos_CST\yagi_v2\Result\MCalc.ddi
D:\Facultad\Electromagnetismo_2\Archivos_Varios\Electromagnetismo_2\Archivos_CST\yagi_v2\Result\MCalc.log
D:\Facultad\Electromagnetismo_2\Archivos_Varios\Electromagnetismo_2\Archivos_CST\yagi_v2\Result\Model.axg
D:\Facultad\Electromagnetismo_2\Archivos_Varios\Electromagnetismo_2\Archivos_CST\yagi_v2\Result\Model.coco
D:\Facultad\Electromagnetismo_2\Archivos_Varios\Electromagnetismo_2\Archivos_CST\yagi_v2\Result\Model.ddi
D:\Facultad\Electromagnetismo_2\Archivos_Varios\Electromagnetismo_2\Archivos_CST\yagi_v2\Result\Model.log
D:\Facultad\Electromagnetismo_2\Archivos_Varios\Electromagnetismo_2\Archivos_CST\yagi_v2\Result\Model.sam
D:\Facultad\Electromagnetismo_2\Archivos_Varios\Electromagnetismo_2\Archivos_CST\yagi_v2\Result\Model.swp
D:\Facultad\Electromagnetismo_2\Archivos_Varios\Electromagnetismo_2\Archivos_CST\yagi_v2\Result\ModelPBA.axg
D:\Facultad\Electromagnetismo_2\Archivos_Varios\Electromagnetismo_2\Archivos_CST\yagi_v2\Result\Model_m1.sam
D:\Facultad\Electromagnetismo_2\Archivos_Varios\Electromagnetismo_2\Archivos_CST\yagi_v2\Result\m^fifx.dsc
D:\Facultad\Electromagnetismo_2\Archivos_Varios\Electromagnetismo_2\Archivos_CST\yagi_v2\Result\m^fqq.dsc
D:\Facultad\Electromagnetismo_2\Archivos_Varios\Electromagnetismo_2\Archivos_CST\yagi_v2\Result\Ports.web
D:\Facultad\Electromagnetismo_2\Archivos_Varios\Electromagnetismo_2\Archivos_CST\yagi_v2\Result\PP-MCalc.log
D:\Facultad\Electromagnetismo_2\Archivos_Varios\Electromagnetismo_2\Archivos_CST\yagi_v2\Result\PP-Prio.log
D:\Facultad\Electromagnetismo_2\Archivos_Varios\Electromagnetismo_2\Archivos_CST\yagi_v2\Result\p^a.dsc
D:\Facultad\Electromagnetismo_2\Archivos_Varios\Electromagnetismo_2\Archivos_CST\yagi_v2\Result\P^m^fbqq.slog
D:\Facultad\Electromagnetismo_2\Archivos_Varios\Electromagnetismo_2\Archivos_CST\yagi_v2\Result\P^m^fqq.slog
D:\Facultad\Electromagnetismo_2\Archivos_Varios\Electromagnetismo_2\Archivos_CST\yagi_v2\Result\P^p^m.slog
D:\Facultad\Electromagnetismo_2\Archivos_Varios\Electromagnetismo_2\Archivos_CST\yagi_v2\Result\P^s^pm.slog
D:\Facultad\Electromagnetismo_2\Archivos_Varios\Electromagnetismo_2\Archivos_CST\yagi_v2\Result\WEP.log
Mesh:
D:\Facultad\Electromagnetismo_2\Archivos_Varios\Electromagnetismo_2\Archivos_CST\yagi_v2\Result\dA.mat
D:\Facultad\Electromagnetismo_2\Archivos_Varios\Electromagnetismo_2\Archivos_CST\yagi_v2\Result\dad.mat
D:\Facultad\Electromagnetismo_2\Archivos_Varios\Electromagnetismo_2\Archivos_CST\yagi_v2\Result\ds.mat
D:\Facultad\Electromagnetismo_2\Archivos_Varios\Electromagnetismo_2\Archivos_CST\yagi_v2\Result\dsd.mat
D:\Facultad\Electromagnetismo_2\Archivos_Varios\Electromagnetismo_2\Archivos_CST\yagi_v2\Result\dsMCalc.mat
D:\Facultad\Electromagnetismo_2\Archivos_Varios\Electromagnetismo_2\Archivos_CST\yagi_v2\Result\Eps.mat
D:\Facultad\Electromagnetismo_2\Archivos_Varios\Electromagnetismo_2\Archivos_CST\yagi_v2\Result\HexMatrix.m2h
D:\Facultad\Electromagnetismo_2\Archivos_Varios\Electromagnetismo_2\Archivos_CST\yagi_v2\Result\HexMatrix_MCalc.m2h
D:\Facultad\Electromagnetismo_2\Archivos_Varios\Electromagnetismo_2\Archivos_CST\yagi_v2\Result\MCalc.fmp
D:\Facultad\Electromagnetismo_2\Archivos_Varios\Electromagnetismo_2\Archivos_CST\yagi_v2\Result\MCalc.xcfd
D:\Facultad\Electromagnetismo_2\Archivos_Varios\Electromagnetismo_2\Archivos_CST\yagi_v2\Result\MCalcCCS_c.mson
D:\Facultad\Electromagnetismo_2\Archivos_Varios\Electromagnetismo_2\Archivos_CST\yagi_v2\Result\Meta.m2h
D:\Facultad\Electromagnetismo_2\Archivos_Varios\Electromagnetismo_2\Archivos_CST\yagi_v2\Result\Meta.mat
D:\Facultad\Electromagnetismo_2\Archivos_Varios\Electromagnetismo_2\Archivos_CST\yagi_v2\Result\Model-fmf.msqlite
D:\Facultad\Electromagnetismo_2\Archivos_Varios\Electromagnetismo_2\Archivos_CST\yagi_v2\Result\Model.cct
D:\Facultad\Electromagnetismo_2\Archivos_Varios\Electromagnetismo_2\Archivos_CST\yagi_v2\Result\Model.fmf
D:\Facultad\Electromagnetismo_2\Archivos_Varios\Electromagnetismo_2\Archivos_CST\yagi_v2\Result\Model.fmm
D:\Facultad\Electromagnetismo_2\Archivos_Varios\Electromagnetismo_2\Archivos_CST\yagi_v2\Result\Model.fpc
D:\Facultad\Electromagnetismo_2\Archivos_Varios\Electromagnetismo_2\Archivos_CST\yagi_v2\Result\Model.fwf
D:\Facultad\Electromagnetismo_2\Archivos_Varios\Electromagnetismo_2\Archivos_CST\yagi_v2\Result\Model.sic
D:\Facultad\Electromagnetismo_2\Archivos_Varios\Electromagnetismo_2\Archivos_CST\yagi_v2\Result\Model.sid
D:\Facultad\Electromagnetismo_2\Archivos_Varios\Electromagnetismo_2\Archivos_CST\yagi_v2\Result\Model.spi
D:\Facultad\Electromagnetismo_2\Archivos_Varios\Electromagnetismo_2\Archivos_CST\yagi_v2\Result\Model.xcfd
D:\Facultad\Electromagnetismo_2\Archivos_Varios\Electromagnetismo_2\Archivos_CST\yagi_v2\Result\Mue.mat
D:\Facultad\Electromagnetismo_2\Archivos_Varios\Electromagnetismo_2\Archivos_CST\yagi_v2\Result\m^fqq.mem
D:\Facultad\Electromagnetismo_2\Archivos_Varios\Electromagnetismo_2\Archivos_CST\yagi_v2\Result\PEC.mat
D:\Facultad\Electromagnetismo_2\Archivos_Varios\Electromagnetismo_2\Archivos_CST\yagi_v2\Result\Ports.fpt
D:\Facultad\Electromagnetismo_2\Archivos_Varios\Electromagnetismo_2\Archivos_CST\yagi_v2\Result\p^a.mem
D:\Facultad\Electromagnetismo_2\Archivos_Varios\Electromagnetismo_2\Archivos_CST\yagi_v2\Result\p^m.mem
D:\Facultad\Electromagnetismo_2\Archivos_Varios\Electromagnetismo_2\Archivos_CST\yagi_v2\Result\Rho.mat
D:\Facultad\Electromagnetismo_2\Archivos_Varios\Electromagnetismo_2\Archivos_CST\yagi_v2\Result\S2HMatrix.m2h
D:\Facultad\Electromagnetismo_2\Archivos_Varios\Electromagnetismo_2\Archivos_CST\yagi_v2\Result\Shapes.con
D:\Facultad\Electromagnetismo_2\Archivos_Varios\Electromagnetismo_2\Archivos_CST\yagi_v2\Result\s^pm.mem
Port:
D:\Facultad\Electromagnetismo_2\Archivos_Varios\Electromagnetismo_2\Archivos_CST\yagi_v2\Result\Model.pmi
