Unknown:
D:\Facultad\electromag_2\clase\Electromagnetismo_2-main\Archivos_CST\yagi_v2 (1)\Result\hardware_resources.sconf
D:\Facultad\electromag_2\clase\Electromagnetismo_2-main\Archivos_CST\yagi_v2 (1)\Result\Hex.gap
D:\Facultad\electromag_2\clase\Electromagnetismo_2-main\Archivos_CST\yagi_v2 (1)\Result\MCalc.ddi
D:\Facultad\electromag_2\clase\Electromagnetismo_2-main\Archivos_CST\yagi_v2 (1)\Result\MCalc.log
D:\Facultad\electromag_2\clase\Electromagnetismo_2-main\Archivos_CST\yagi_v2 (1)\Result\Model.axg
D:\Facultad\electromag_2\clase\Electromagnetismo_2-main\Archivos_CST\yagi_v2 (1)\Result\Model.coco
D:\Facultad\electromag_2\clase\Electromagnetismo_2-main\Archivos_CST\yagi_v2 (1)\Result\Model.ddi
D:\Facultad\electromag_2\clase\Electromagnetismo_2-main\Archivos_CST\yagi_v2 (1)\Result\Model.log
D:\Facultad\electromag_2\clase\Electromagnetismo_2-main\Archivos_CST\yagi_v2 (1)\Result\Model.sa
D:\Facultad\electromag_2\clase\Electromagnetismo_2-main\Archivos_CST\yagi_v2 (1)\Result\Model.sam
D:\Facultad\electromag_2\clase\Electromagnetismo_2-main\Archivos_CST\yagi_v2 (1)\Result\Model.swp
D:\Facultad\electromag_2\clase\Electromagnetismo_2-main\Archivos_CST\yagi_v2 (1)\Result\ModelPBA.axg
D:\Facultad\electromag_2\clase\Electromagnetismo_2-main\Archivos_CST\yagi_v2 (1)\Result\Model_m1.sam
D:\Facultad\electromag_2\clase\Electromagnetismo_2-main\Archivos_CST\yagi_v2 (1)\Result\m^fifx.dsc
D:\Facultad\electromag_2\clase\Electromagnetismo_2-main\Archivos_CST\yagi_v2 (1)\Result\m^fqq.dsc
D:\Facultad\electromag_2\clase\Electromagnetismo_2-main\Archivos_CST\yagi_v2 (1)\Result\Ports.web
D:\Facultad\electromag_2\clase\Electromagnetismo_2-main\Archivos_CST\yagi_v2 (1)\Result\PP-MCalc.log
D:\Facultad\electromag_2\clase\Electromagnetismo_2-main\Archivos_CST\yagi_v2 (1)\Result\PP-Prio.log
D:\Facultad\electromag_2\clase\Electromagnetismo_2-main\Archivos_CST\yagi_v2 (1)\Result\p^a.dsc
D:\Facultad\electromag_2\clase\Electromagnetismo_2-main\Archivos_CST\yagi_v2 (1)\Result\P^m^fbqq.slog
D:\Facultad\electromag_2\clase\Electromagnetismo_2-main\Archivos_CST\yagi_v2 (1)\Result\P^m^fqq.slog
D:\Facultad\electromag_2\clase\Electromagnetismo_2-main\Archivos_CST\yagi_v2 (1)\Result\P^p^m.slog
D:\Facultad\electromag_2\clase\Electromagnetismo_2-main\Archivos_CST\yagi_v2 (1)\Result\P^s^pm.slog
D:\Facultad\electromag_2\clase\Electromagnetismo_2-main\Archivos_CST\yagi_v2 (1)\Result\WEP.log
Mesh:
D:\Facultad\electromag_2\clase\Electromagnetismo_2-main\Archivos_CST\yagi_v2 (1)\Result\dA.mat
D:\Facultad\electromag_2\clase\Electromagnetismo_2-main\Archivos_CST\yagi_v2 (1)\Result\dad.mat
D:\Facultad\electromag_2\clase\Electromagnetismo_2-main\Archivos_CST\yagi_v2 (1)\Result\ds.mat
D:\Facultad\electromag_2\clase\Electromagnetismo_2-main\Archivos_CST\yagi_v2 (1)\Result\dsd.mat
D:\Facultad\electromag_2\clase\Electromagnetismo_2-main\Archivos_CST\yagi_v2 (1)\Result\dsMCalc.mat
D:\Facultad\electromag_2\clase\Electromagnetismo_2-main\Archivos_CST\yagi_v2 (1)\Result\Eps.mat
D:\Facultad\electromag_2\clase\Electromagnetismo_2-main\Archivos_CST\yagi_v2 (1)\Result\HexMatrix.m2h
D:\Facultad\electromag_2\clase\Electromagnetismo_2-main\Archivos_CST\yagi_v2 (1)\Result\HexMatrix_MCalc.m2h
D:\Facultad\electromag_2\clase\Electromagnetismo_2-main\Archivos_CST\yagi_v2 (1)\Result\MCalc.fmp
D:\Facultad\electromag_2\clase\Electromagnetismo_2-main\Archivos_CST\yagi_v2 (1)\Result\MCalc.xcfd
D:\Facultad\electromag_2\clase\Electromagnetismo_2-main\Archivos_CST\yagi_v2 (1)\Result\MCalcCCS_c.mson
D:\Facultad\electromag_2\clase\Electromagnetismo_2-main\Archivos_CST\yagi_v2 (1)\Result\Meta.m2h
D:\Facultad\electromag_2\clase\Electromagnetismo_2-main\Archivos_CST\yagi_v2 (1)\Result\Meta.mat
D:\Facultad\electromag_2\clase\Electromagnetismo_2-main\Archivos_CST\yagi_v2 (1)\Result\Model-fmf.msqlite
D:\Facultad\electromag_2\clase\Electromagnetismo_2-main\Archivos_CST\yagi_v2 (1)\Result\Model.cct
D:\Facultad\electromag_2\clase\Electromagnetismo_2-main\Archivos_CST\yagi_v2 (1)\Result\Model.fmf
D:\Facultad\electromag_2\clase\Electromagnetismo_2-main\Archivos_CST\yagi_v2 (1)\Result\Model.fmm
D:\Facultad\electromag_2\clase\Electromagnetismo_2-main\Archivos_CST\yagi_v2 (1)\Result\Model.fpc
D:\Facultad\electromag_2\clase\Electromagnetismo_2-main\Archivos_CST\yagi_v2 (1)\Result\Model.fwf
D:\Facultad\electromag_2\clase\Electromagnetismo_2-main\Archivos_CST\yagi_v2 (1)\Result\Model.sic
D:\Facultad\electromag_2\clase\Electromagnetismo_2-main\Archivos_CST\yagi_v2 (1)\Result\Model.sid
D:\Facultad\electromag_2\clase\Electromagnetismo_2-main\Archivos_CST\yagi_v2 (1)\Result\Model.spi
D:\Facultad\electromag_2\clase\Electromagnetismo_2-main\Archivos_CST\yagi_v2 (1)\Result\Model.xcfd
D:\Facultad\electromag_2\clase\Electromagnetismo_2-main\Archivos_CST\yagi_v2 (1)\Result\Mue.mat
D:\Facultad\electromag_2\clase\Electromagnetismo_2-main\Archivos_CST\yagi_v2 (1)\Result\m^fqq.mem
D:\Facultad\electromag_2\clase\Electromagnetismo_2-main\Archivos_CST\yagi_v2 (1)\Result\PEC.mat
D:\Facultad\electromag_2\clase\Electromagnetismo_2-main\Archivos_CST\yagi_v2 (1)\Result\Ports.fpt
D:\Facultad\electromag_2\clase\Electromagnetismo_2-main\Archivos_CST\yagi_v2 (1)\Result\p^a.mem
D:\Facultad\electromag_2\clase\Electromagnetismo_2-main\Archivos_CST\yagi_v2 (1)\Result\p^m.mem
D:\Facultad\electromag_2\clase\Electromagnetismo_2-main\Archivos_CST\yagi_v2 (1)\Result\Rho.mat
D:\Facultad\electromag_2\clase\Electromagnetismo_2-main\Archivos_CST\yagi_v2 (1)\Result\S2HMatrix.m2h
D:\Facultad\electromag_2\clase\Electromagnetismo_2-main\Archivos_CST\yagi_v2 (1)\Result\Shapes.con
D:\Facultad\electromag_2\clase\Electromagnetismo_2-main\Archivos_CST\yagi_v2 (1)\Result\s^pm.mem
Port:
D:\Facultad\electromag_2\clase\Electromagnetismo_2-main\Archivos_CST\yagi_v2 (1)\Result\Model.pmi
